#
# A fatal error has been detected by the Java Runtime Environment:
#
#  EXCEPTION_ACCESS_VIOLATION (0xc0000005) at pc=0x0000000000000328, pid=5440, tid=9256
#
# JRE version: OpenJDK Runtime Environment (19.0.1+10) (build 19.0.1+10-21)
# Java VM: OpenJDK 64-Bit Server VM (19.0.1+10-21, mixed mode, sharing, tiered, compressed oops, compressed class ptrs, g1 gc, windows-amd64)
# Problematic frame:
# C  0x0000000000000328
#
# No core dump will be written. Minidumps are not enabled by default on client versions of Windows
#
# If you would like to submit a bug report, please visit:
#   https://bugreport.java.com/bugreport/crash.jsp
#

---------------  S U M M A R Y ------------

Command Line: -DDOMUIDBGPORT=5051 -javaagent:C:\Program Files\JetBrains\IntelliJ IDEA 2021.3.1\lib\idea_rt.jar=63811:C:\Program Files\JetBrains\IntelliJ IDEA 2021.3.1\bin -agentpath:C:\Users\Eva\AppData\Local\Temp\libasyncProfiler.dll=start,jfr,libdia=C:\Users\Eva\AppData\Local\Temp\idea_msdia140_dll_temp_folder\msdia140.dll,interval=1ms,file=C:\Users\Eva\CuentaBater_2022_10_26_094747.jfr -Dfile.encoding=UTF-8 --module-path=C:\Users\Eva\.m2\repository\org\openjfx\javafx-base\20-ea+3\javafx-base-20-ea+3-win.jar;C:\Users\Eva\.m2\repository\org\openjfx\javafx-controls\20-ea+3\javafx-controls-20-ea+3-win.jar;C:\Users\Eva\.m2\repository\org\openjfx\javafx-fxml\20-ea+3\javafx-fxml-20-ea+3-win.jar;C:\Users\Eva\.m2\repository\org\openjfx\javafx-graphics\20-ea+3\javafx-graphics-20-ea+3-win.jar;C:\Users\Eva\Desktop\DDi_Practica1\main (2)\VISOR\main\target\classes -Djdk.module.main=com.main.controller com.main.controller/com.main.controller.CuentaBater

Host: Intel(R) Core(TM) i3-6100U CPU @ 2.30GHz, 4 cores, 7G,  Windows 10 , 64 bit Build 19041 (10.0.19041.1741)
Time: Wed Oct 26 09:47:54 2022 Hora de verano romance elapsed time: 6.867784 seconds (0d 0h 0m 6s)

---------------  T H R E A D  ---------------

Current thread (0x0000014e277c4f30):  VMThread "VM Thread" [stack: 0x0000002c20400000,0x0000002c20500000] [id=9256]

Stack: [0x0000002c20400000,0x0000002c20500000],  sp=0x0000002c204ff2b8,  free space=1020k
Native frames: (J=compiled Java code, j=interpreted, Vv=VM code, C=native code)
C  0x0000000000000328


siginfo: EXCEPTION_ACCESS_VIOLATION (0xc0000005), data execution prevention violation at address 0x0000000000000328


Registers:
RAX=0x0000014e2c432410, RBX=0x00007ffd611d9658, RCX=0x0000014e2c7ebb50, RDX=0x0000000000000001
RSP=0x0000002c204ff2b8, RBP=0x0000002c204ff6d0, RSI=0x00007ffd6119bab0, RDI=0x00000000000000d2
R8 =0x0000014e06cf2100, R9 =0x0000000000000001, R10=0x0000000000008000, R11=0x0000002c204ff1e0
R12=0x0000014e2c5cd6b0, R13=0x0000000000000040, R14=0x0000014e2c5cd9b8, R15=0x0000002c204ff380
RIP=0x0000000000000328, EFLAGS=0x0000000000010206


Register to memory mapping:

RIP=0x0000000000000328 is an unknown value
RAX=0x0000014e2c432410 points into unknown readable memory: 0x0000000000000328 | 28 03 00 00 00 00 00 00
RBX=0x00007ffd611d9658 msdia140.dll
RCX=0x0000014e2c7ebb50 points into unknown readable memory: 0x0000014e2c432410 | 10 24 43 2c 4e 01 00 00
RDX=0x0000000000000001 is an unknown value
RSP=0x0000002c204ff2b8 points into unknown readable memory: 0x00007ffd6119baf8 | f8 ba 19 61 fd 7f 00 00
RBP=0x0000002c204ff6d0 points into unknown readable memory: 0x0000002c204ff819 | 19 f8 4f 20 2c 00 00 00
RSI=0x00007ffd6119bab0 msdia140.dll
RDI=0x00000000000000d2 is an unknown value
R8 =0x0000014e06cf2100 points into unknown readable memory: 0x0000014e06cf0cf0 | f0 0c cf 06 4e 01 00 00
R9 =0x0000000000000001 is an unknown value
R10=0x0000000000008000 is an unknown value
R11=0x0000002c204ff1e0 points into unknown readable memory: 0x0000002c204ff380 | 80 f3 4f 20 2c 00 00 00
R12=0x0000014e2c5cd6b0 points into unknown readable memory: 0x00009bfd34831081 | 81 10 83 34 fd 9b 00 00
R13=0x0000000000000040 is an unknown value
R14=0x0000014e2c5cd9b8 points into unknown readable memory: 0x00006407f6b085c1 | c1 85 b0 f6 07 64 00 00
R15=0x0000002c204ff380 points into unknown readable memory: 0x0000002c204ff3a0 | a0 f3 4f 20 2c 00 00 00


Top of Stack: (sp=0x0000002c204ff2b8)
0x0000002c204ff2b8:   00007ffd6119baf8 0000014e2c8bdf20
0x0000002c204ff2c8:   00007ffdb03547b1 0000f8e91c6a5f91
0x0000002c204ff2d8:   0000014e06d40000 0000014e2c5cd6b0
0x0000002c204ff2e8:   00007ffd61144a9b 0000014e2c5cd720
0x0000002c204ff2f8:   0000014e2c8bdf20 0000f8e91c6a5f91
0x0000002c204ff308:   00007ffdadf7f05b 0000014e2c5cd720
0x0000002c204ff318:   0000014e2c5cd6b0 0000014e2c5cd6b0
0x0000002c204ff328:   0000014e2c5cd9b8 0000000000000001
0x0000002c204ff338:   0000000000000000 00007ffd364c72a0
0x0000002c204ff348:   00007ffd6112ca88 00006407f6b085c1
0x0000002c204ff358:   00007ffd61144d41 0000000000000000
0x0000002c204ff368:   0000000000000001 0000000000000001
0x0000002c204ff378:   0000002c204ff3b0 0000002c204ff3a0
0x0000002c204ff388:   00007ffdadf8420e 0000000000000000
0x0000002c204ff398:   00007ffd61143fc0 00007ffd611db988
0x0000002c204ff3a8:   00007ffdae060e40 0000000000000002 

Instructions: (pc=0x0000000000000328)
0x0000000000000228:   ?? ?? ?? ?? ?? ?? ?? ?? ?? ?? ?? ?? ?? ?? ?? ??
0x0000000000000238:   ?? ?? ?? ?? ?? ?? ?? ?? ?? ?? ?? ?? ?? ?? ?? ??
0x0000000000000248:   ?? ?? ?? ?? ?? ?? ?? ?? ?? ?? ?? ?? ?? ?? ?? ??
0x0000000000000258:   ?? ?? ?? ?? ?? ?? ?? ?? ?? ?? ?? ?? ?? ?? ?? ??
0x0000000000000268:   ?? ?? ?? ?? ?? ?? ?? ?? ?? ?? ?? ?? ?? ?? ?? ??
0x0000000000000278:   ?? ?? ?? ?? ?? ?? ?? ?? ?? ?? ?? ?? ?? ?? ?? ??
0x0000000000000288:   ?? ?? ?? ?? ?? ?? ?? ?? ?? ?? ?? ?? ?? ?? ?? ??
0x0000000000000298:   ?? ?? ?? ?? ?? ?? ?? ?? ?? ?? ?? ?? ?? ?? ?? ??
0x00000000000002a8:   ?? ?? ?? ?? ?? ?? ?? ?? ?? ?? ?? ?? ?? ?? ?? ??
0x00000000000002b8:   ?? ?? ?? ?? ?? ?? ?? ?? ?? ?? ?? ?? ?? ?? ?? ??
0x00000000000002c8:   ?? ?? ?? ?? ?? ?? ?? ?? ?? ?? ?? ?? ?? ?? ?? ??
0x00000000000002d8:   ?? ?? ?? ?? ?? ?? ?? ?? ?? ?? ?? ?? ?? ?? ?? ??
0x00000000000002e8:   ?? ?? ?? ?? ?? ?? ?? ?? ?? ?? ?? ?? ?? ?? ?? ??
0x00000000000002f8:   ?? ?? ?? ?? ?? ?? ?? ?? ?? ?? ?? ?? ?? ?? ?? ??
0x0000000000000308:   ?? ?? ?? ?? ?? ?? ?? ?? ?? ?? ?? ?? ?? ?? ?? ??
0x0000000000000318:   ?? ?? ?? ?? ?? ?? ?? ?? ?? ?? ?? ?? ?? ?? ?? ??
0x0000000000000328:   ?? ?? ?? ?? ?? ?? ?? ?? ?? ?? ?? ?? ?? ?? ?? ??
0x0000000000000338:   ?? ?? ?? ?? ?? ?? ?? ?? ?? ?? ?? ?? ?? ?? ?? ??
0x0000000000000348:   ?? ?? ?? ?? ?? ?? ?? ?? ?? ?? ?? ?? ?? ?? ?? ??
0x0000000000000358:   ?? ?? ?? ?? ?? ?? ?? ?? ?? ?? ?? ?? ?? ?? ?? ??
0x0000000000000368:   ?? ?? ?? ?? ?? ?? ?? ?? ?? ?? ?? ?? ?? ?? ?? ??
0x0000000000000378:   ?? ?? ?? ?? ?? ?? ?? ?? ?? ?? ?? ?? ?? ?? ?? ??
0x0000000000000388:   ?? ?? ?? ?? ?? ?? ?? ?? ?? ?? ?? ?? ?? ?? ?? ??
0x0000000000000398:   ?? ?? ?? ?? ?? ?? ?? ?? ?? ?? ?? ?? ?? ?? ?? ??
0x00000000000003a8:   ?? ?? ?? ?? ?? ?? ?? ?? ?? ?? ?? ?? ?? ?? ?? ??
0x00000000000003b8:   ?? ?? ?? ?? ?? ?? ?? ?? ?? ?? ?? ?? ?? ?? ?? ??
0x00000000000003c8:   ?? ?? ?? ?? ?? ?? ?? ?? ?? ?? ?? ?? ?? ?? ?? ??
0x00000000000003d8:   ?? ?? ?? ?? ?? ?? ?? ?? ?? ?? ?? ?? ?? ?? ?? ??
0x00000000000003e8:   ?? ?? ?? ?? ?? ?? ?? ?? ?? ?? ?? ?? ?? ?? ?? ??
0x00000000000003f8:   ?? ?? ?? ?? ?? ?? ?? ?? ?? ?? ?? ?? ?? ?? ?? ??
0x0000000000000408:   ?? ?? ?? ?? ?? ?? ?? ?? ?? ?? ?? ?? ?? ?? ?? ??
0x0000000000000418:   ?? ?? ?? ?? ?? ?? ?? ?? ?? ?? ?? ?? ?? ?? ?? ?? 


Stack slot to memory mapping:
stack at sp + 0 slots: 0x00007ffd6119baf8 msdia140.dll
stack at sp + 1 slots: 0x0000014e2c8bdf20 points into unknown readable memory: 0x0000f8e91c6a5f91 | 91 5f 6a 1c e9 f8 00 00
stack at sp + 2 slots: 0x00007ffdb03547b1 ntdll.dll
stack at sp + 3 slots: 0x0000f8e91c6a5f91 is an unknown value
stack at sp + 4 slots: 0x0000014e06d40000 points into unknown readable memory: 0x0000000000000000 | 00 00 00 00 00 00 00 00
stack at sp + 5 slots: 0x0000014e2c5cd6b0 points into unknown readable memory: 0x00009bfd34831081 | 81 10 83 34 fd 9b 00 00
stack at sp + 6 slots: 0x00007ffd61144a9b msdia140.dll
stack at sp + 7 slots: 0x0000014e2c5cd720 points into unknown readable memory: 0x00006407f6b085c1 | c1 85 b0 f6 07 64 00 00

VM_Operation (0x0000002c1fefe9b0): Exit, mode: safepoint, requested by thread 0x0000014e08e53b20


---------------  P R O C E S S  ---------------

Threads class SMR info:
_java_thread_list=0x0000014e2d5f9800, length=16, elements={
0x0000014e08e53b20, 0x0000014e277db3e0, 0x0000014e277dc370, 0x0000014e277df070,
0x0000014e277e0db0, 0x0000014e277e16e0, 0x0000014e277e2010, 0x0000014e277e2c70,
0x0000014e277e71e0, 0x0000014e2bc42ba0, 0x0000014e2bcc9070, 0x0000014e2c4ba300,
0x0000014e2c40dd90, 0x0000014e2d1c1de0, 0x0000014e2d3d32d0, 0x0000014e2d643890
}

Java Threads: ( => current thread )
  0x0000014e08e53b20 JavaThread "main" [_thread_blocked, id=5384, stack(0x0000002c1fe00000,0x0000002c1ff00000)]
  0x0000014e277db3e0 JavaThread "Reference Handler" daemon [_thread_blocked, id=9644, stack(0x0000002c20500000,0x0000002c20600000)]
  0x0000014e277dc370 JavaThread "Finalizer" daemon [_thread_blocked, id=2448, stack(0x0000002c20600000,0x0000002c20700000)]
  0x0000014e277df070 JavaThread "Signal Dispatcher" daemon [_thread_blocked, id=3708, stack(0x0000002c20700000,0x0000002c20800000)]
  0x0000014e277e0db0 JavaThread "Attach Listener" daemon [_thread_blocked, id=9316, stack(0x0000002c20800000,0x0000002c20900000)]
  0x0000014e277e16e0 JavaThread "Service Thread" daemon [_thread_blocked, id=8964, stack(0x0000002c20900000,0x0000002c20a00000)]
  0x0000014e277e2010 JavaThread "Monitor Deflation Thread" daemon [_thread_blocked, id=7880, stack(0x0000002c20a00000,0x0000002c20b00000)]
  0x0000014e277e2c70 JavaThread "C2 CompilerThread0" daemon [_thread_blocked, id=6348, stack(0x0000002c20b00000,0x0000002c20c00000)]
  0x0000014e277e71e0 JavaThread "C1 CompilerThread0" daemon [_thread_blocked, id=700, stack(0x0000002c20c00000,0x0000002c20d00000)]
  0x0000014e2bc42ba0 JavaThread "Sweeper thread" daemon [_thread_blocked, id=1780, stack(0x0000002c20d00000,0x0000002c20e00000)]
  0x0000014e2bcc9070 JavaThread "Common-Cleaner" daemon [_thread_blocked, id=4256, stack(0x0000002c20e00000,0x0000002c20f00000)]
  0x0000014e2c4ba300 JavaThread "Monitor Ctrl-Break" daemon [_thread_in_native, id=8796, stack(0x0000002c21000000,0x0000002c21100000)]
  0x0000014e2c40dd90 JavaThread "Notification Thread" daemon [_thread_blocked, id=10076, stack(0x0000002c21300000,0x0000002c21400000)]
  0x0000014e2d1c1de0 JavaThread "InvokeLaterDispatcher" daemon [_thread_blocked, id=2816, stack(0x0000002c21900000,0x0000002c21a00000)]
  0x0000014e2d3d32d0 JavaThread "Thread-3" daemon [_thread_in_native, id=6268, stack(0x0000002c21e00000,0x0000002c21f00000)]
  0x0000014e2d643890 JavaThread "C2 CompilerThread1" daemon [_thread_blocked, id=3432, stack(0x0000002c22000000,0x0000002c22100000)]

Other Threads:
=>0x0000014e277c4f30 VMThread "VM Thread" [stack: 0x0000002c20400000,0x0000002c20500000] [id=9256]
  0x0000014e08eddbe0 WorkerThread "GC Thread#0" [stack: 0x0000002c1ff00000,0x0000002c20000000] [id=12344]
  0x0000014e2cc02e50 WorkerThread "GC Thread#1" [stack: 0x0000002c20f00000,0x0000002c21000000] [id=11404]
  0x0000014e2c3184c0 WorkerThread "GC Thread#2" [stack: 0x0000002c21600000,0x0000002c21700000] [id=12184]
  0x0000014e2d199cb0 WorkerThread "GC Thread#3" [stack: 0x0000002c21700000,0x0000002c21800000] [id=7976]
  0x0000014e08eee780 ConcurrentGCThread "G1 Main Marker" terminated
  0x0000014e08eef1b0 WorkerThread "G1 Conc#0" [stack: 0x0000002c20100000,0x0000002c20200000] [id=6752]
  0x0000014e08f2ea60 ConcurrentGCThread "G1 Refine#0" terminated
  0x0000014e27673950 ConcurrentGCThread "G1 Service" terminated

Threads with active compile tasks:

VM state: at safepoint (shutting down)

VM Mutex/Monitor currently owned by a thread:  ([mutex/lock_event])
[0x0000014e08e81690] Threads_lock - owner thread: 0x0000014e277c4f30
[0x0000014e08e82890] Heap_lock - owner thread: 0x0000014e08e53b20

Heap address: 0x0000000081e00000, size: 2018 MB, Compressed Oops mode: 32-bit

CDS archive(s) mapped at: [0x0000000800000000-0x0000000800c30000-0x0000000800c30000), size 12779520, SharedBaseAddress: 0x0000000800000000, ArchiveRelocationMode: 0.
Compressed class space mapped at: 0x0000000801000000-0x0000000841000000, reserved size: 1073741824
Narrow klass base: 0x0000000800000000, Narrow klass shift: 0, Narrow klass range: 0x100000000

GC Precious Log:
 CardTable entry size: 512
 Card Set container configuration: InlinePtr #cards 5 size 8 Array Of Cards #cards 12 size 40 Howl #buckets 4 coarsen threshold 1843 Howl Bitmap #cards 512 size 80 coarsen threshold 460 Card regions per heap region 1 cards per card region 2048
 CPUs: 4 total, 4 available
 Memory: 8065M
 Large Page Support: Disabled
 NUMA Support: Disabled
 Compressed Oops: Enabled (32-bit)
 Heap Region Size: 1M
 Heap Min Capacity: 8M
 Heap Initial Capacity: 128M
 Heap Max Capacity: 2018M
 Pre-touch: Disabled
 Parallel Workers: 4
 Concurrent Workers: 1
 Concurrent Refinement Workers: 4
 Periodic GC: Disabled

Heap:
 garbage-first heap   total 131072K, used 18801K [0x0000000081e00000, 0x0000000100000000)
  region size 1024K, 14 young (14336K), 2 survivors (2048K)
 Metaspace       used 10544K, committed 10816K, reserved 1114112K
  class space    used 1384K, committed 1472K, reserved 1048576K

Heap Regions: E=young(eden), S=young(survivor), O=old, HS=humongous(starts), HC=humongous(continues), CS=collection set, F=free, OA=open archive, CA=closed archive, TAMS=top-at-mark-start (previous, next)
|   0|0x0000000081e00000, 0x0000000081f00000, 0x0000000081f00000|100%| O|  |TAMS 0x0000000081e00000, 0x0000000081e00000| Untracked 
|   1|0x0000000081f00000, 0x0000000082000000, 0x0000000082000000|100%| O|  |TAMS 0x0000000081f00000, 0x0000000081f00000| Untracked 
|   2|0x0000000082000000, 0x0000000082100000, 0x0000000082100000|100%| O|  |TAMS 0x0000000082000000, 0x0000000082000000| Untracked 
|   3|0x0000000082100000, 0x000000008216aa00, 0x0000000082200000| 41%| O|  |TAMS 0x0000000082100000, 0x0000000082100000| Untracked 
|   4|0x0000000082200000, 0x0000000082300000, 0x0000000082300000|100%|HS|  |TAMS 0x0000000082200000, 0x0000000082200000| Complete 
|   5|0x0000000082300000, 0x0000000082400000, 0x0000000082400000|100%|HC|  |TAMS 0x0000000082300000, 0x0000000082300000| Complete 
|   6|0x0000000082400000, 0x0000000082500000, 0x0000000082500000|100%|HC|  |TAMS 0x0000000082400000, 0x0000000082400000| Complete 
|   7|0x0000000082500000, 0x0000000082500000, 0x0000000082600000|  0%| F|  |TAMS 0x0000000082500000, 0x0000000082500000| Untracked 
|   8|0x0000000082600000, 0x0000000082600000, 0x0000000082700000|  0%| F|  |TAMS 0x0000000082600000, 0x0000000082600000| Untracked 
|   9|0x0000000082700000, 0x0000000082700000, 0x0000000082800000|  0%| F|  |TAMS 0x0000000082700000, 0x0000000082700000| Untracked 
|  10|0x0000000082800000, 0x0000000082800000, 0x0000000082900000|  0%| F|  |TAMS 0x0000000082800000, 0x0000000082800000| Untracked 
|  11|0x0000000082900000, 0x0000000082900000, 0x0000000082a00000|  0%| F|  |TAMS 0x0000000082900000, 0x0000000082900000| Untracked 
|  12|0x0000000082a00000, 0x0000000082a00000, 0x0000000082b00000|  0%| F|  |TAMS 0x0000000082a00000, 0x0000000082a00000| Untracked 
|  13|0x0000000082b00000, 0x0000000082b00000, 0x0000000082c00000|  0%| F|  |TAMS 0x0000000082b00000, 0x0000000082b00000| Untracked 
|  14|0x0000000082c00000, 0x0000000082c00000, 0x0000000082d00000|  0%| F|  |TAMS 0x0000000082c00000, 0x0000000082c00000| Untracked 
|  15|0x0000000082d00000, 0x0000000082d00000, 0x0000000082e00000|  0%| F|  |TAMS 0x0000000082d00000, 0x0000000082d00000| Untracked 
|  16|0x0000000082e00000, 0x0000000082e00000, 0x0000000082f00000|  0%| F|  |TAMS 0x0000000082e00000, 0x0000000082e00000| Untracked 
|  17|0x0000000082f00000, 0x0000000082f00000, 0x0000000083000000|  0%| F|  |TAMS 0x0000000082f00000, 0x0000000082f00000| Untracked 
|  18|0x0000000083000000, 0x0000000083000000, 0x0000000083100000|  0%| F|  |TAMS 0x0000000083000000, 0x0000000083000000| Untracked 
|  19|0x0000000083100000, 0x0000000083100000, 0x0000000083200000|  0%| F|  |TAMS 0x0000000083100000, 0x0000000083100000| Untracked 
|  20|0x0000000083200000, 0x0000000083200000, 0x0000000083300000|  0%| F|  |TAMS 0x0000000083200000, 0x0000000083200000| Untracked 
|  21|0x0000000083300000, 0x0000000083300000, 0x0000000083400000|  0%| F|  |TAMS 0x0000000083300000, 0x0000000083300000| Untracked 
|  22|0x0000000083400000, 0x0000000083400000, 0x0000000083500000|  0%| F|  |TAMS 0x0000000083400000, 0x0000000083400000| Untracked 
|  23|0x0000000083500000, 0x0000000083500000, 0x0000000083600000|  0%| F|  |TAMS 0x0000000083500000, 0x0000000083500000| Untracked 
|  24|0x0000000083600000, 0x0000000083600000, 0x0000000083700000|  0%| F|  |TAMS 0x0000000083600000, 0x0000000083600000| Untracked 
|  25|0x0000000083700000, 0x0000000083700000, 0x0000000083800000|  0%| F|  |TAMS 0x0000000083700000, 0x0000000083700000| Untracked 
|  26|0x0000000083800000, 0x0000000083800000, 0x0000000083900000|  0%| F|  |TAMS 0x0000000083800000, 0x0000000083800000| Untracked 
|  27|0x0000000083900000, 0x0000000083900000, 0x0000000083a00000|  0%| F|  |TAMS 0x0000000083900000, 0x0000000083900000| Untracked 
|  28|0x0000000083a00000, 0x0000000083a00000, 0x0000000083b00000|  0%| F|  |TAMS 0x0000000083a00000, 0x0000000083a00000| Untracked 
|  29|0x0000000083b00000, 0x0000000083b00000, 0x0000000083c00000|  0%| F|  |TAMS 0x0000000083b00000, 0x0000000083b00000| Untracked 
|  30|0x0000000083c00000, 0x0000000083c00000, 0x0000000083d00000|  0%| F|  |TAMS 0x0000000083c00000, 0x0000000083c00000| Untracked 
|  31|0x0000000083d00000, 0x0000000083d00000, 0x0000000083e00000|  0%| F|  |TAMS 0x0000000083d00000, 0x0000000083d00000| Untracked 
|  32|0x0000000083e00000, 0x0000000083e00000, 0x0000000083f00000|  0%| F|  |TAMS 0x0000000083e00000, 0x0000000083e00000| Untracked 
|  33|0x0000000083f00000, 0x0000000083f00000, 0x0000000084000000|  0%| F|  |TAMS 0x0000000083f00000, 0x0000000083f00000| Untracked 
|  34|0x0000000084000000, 0x0000000084000000, 0x0000000084100000|  0%| F|  |TAMS 0x0000000084000000, 0x0000000084000000| Untracked 
|  35|0x0000000084100000, 0x0000000084100000, 0x0000000084200000|  0%| F|  |TAMS 0x0000000084100000, 0x0000000084100000| Untracked 
|  36|0x0000000084200000, 0x0000000084200000, 0x0000000084300000|  0%| F|  |TAMS 0x0000000084200000, 0x0000000084200000| Untracked 
|  37|0x0000000084300000, 0x0000000084300000, 0x0000000084400000|  0%| F|  |TAMS 0x0000000084300000, 0x0000000084300000| Untracked 
|  38|0x0000000084400000, 0x0000000084400000, 0x0000000084500000|  0%| F|  |TAMS 0x0000000084400000, 0x0000000084400000| Untracked 
|  39|0x0000000084500000, 0x0000000084500000, 0x0000000084600000|  0%| F|  |TAMS 0x0000000084500000, 0x0000000084500000| Untracked 
|  40|0x0000000084600000, 0x0000000084600000, 0x0000000084700000|  0%| F|  |TAMS 0x0000000084600000, 0x0000000084600000| Untracked 
|  41|0x0000000084700000, 0x0000000084700000, 0x0000000084800000|  0%| F|  |TAMS 0x0000000084700000, 0x0000000084700000| Untracked 
|  42|0x0000000084800000, 0x0000000084800000, 0x0000000084900000|  0%| F|  |TAMS 0x0000000084800000, 0x0000000084800000| Untracked 
|  43|0x0000000084900000, 0x0000000084900000, 0x0000000084a00000|  0%| F|  |TAMS 0x0000000084900000, 0x0000000084900000| Untracked 
|  44|0x0000000084a00000, 0x0000000084a00000, 0x0000000084b00000|  0%| F|  |TAMS 0x0000000084a00000, 0x0000000084a00000| Untracked 
|  45|0x0000000084b00000, 0x0000000084b00000, 0x0000000084c00000|  0%| F|  |TAMS 0x0000000084b00000, 0x0000000084b00000| Untracked 
|  46|0x0000000084c00000, 0x0000000084c00000, 0x0000000084d00000|  0%| F|  |TAMS 0x0000000084c00000, 0x0000000084c00000| Untracked 
|  47|0x0000000084d00000, 0x0000000084d00000, 0x0000000084e00000|  0%| F|  |TAMS 0x0000000084d00000, 0x0000000084d00000| Untracked 
|  48|0x0000000084e00000, 0x0000000084e00000, 0x0000000084f00000|  0%| F|  |TAMS 0x0000000084e00000, 0x0000000084e00000| Untracked 
|  49|0x0000000084f00000, 0x0000000084f00000, 0x0000000085000000|  0%| F|  |TAMS 0x0000000084f00000, 0x0000000084f00000| Untracked 
|  50|0x0000000085000000, 0x0000000085000000, 0x0000000085100000|  0%| F|  |TAMS 0x0000000085000000, 0x0000000085000000| Untracked 
|  51|0x0000000085100000, 0x0000000085100000, 0x0000000085200000|  0%| F|  |TAMS 0x0000000085100000, 0x0000000085100000| Untracked 
|  52|0x0000000085200000, 0x0000000085200000, 0x0000000085300000|  0%| F|  |TAMS 0x0000000085200000, 0x0000000085200000| Untracked 
|  53|0x0000000085300000, 0x0000000085300000, 0x0000000085400000|  0%| F|  |TAMS 0x0000000085300000, 0x0000000085300000| Untracked 
|  54|0x0000000085400000, 0x0000000085400000, 0x0000000085500000|  0%| F|  |TAMS 0x0000000085400000, 0x0000000085400000| Untracked 
|  55|0x0000000085500000, 0x0000000085500000, 0x0000000085600000|  0%| F|  |TAMS 0x0000000085500000, 0x0000000085500000| Untracked 
|  56|0x0000000085600000, 0x0000000085600000, 0x0000000085700000|  0%| F|  |TAMS 0x0000000085600000, 0x0000000085600000| Untracked 
|  57|0x0000000085700000, 0x0000000085700000, 0x0000000085800000|  0%| F|  |TAMS 0x0000000085700000, 0x0000000085700000| Untracked 
|  58|0x0000000085800000, 0x0000000085800000, 0x0000000085900000|  0%| F|  |TAMS 0x0000000085800000, 0x0000000085800000| Untracked 
|  59|0x0000000085900000, 0x0000000085900000, 0x0000000085a00000|  0%| F|  |TAMS 0x0000000085900000, 0x0000000085900000| Untracked 
|  60|0x0000000085a00000, 0x0000000085a00000, 0x0000000085b00000|  0%| F|  |TAMS 0x0000000085a00000, 0x0000000085a00000| Untracked 
|  61|0x0000000085b00000, 0x0000000085b00000, 0x0000000085c00000|  0%| F|  |TAMS 0x0000000085b00000, 0x0000000085b00000| Untracked 
|  62|0x0000000085c00000, 0x0000000085c00000, 0x0000000085d00000|  0%| F|  |TAMS 0x0000000085c00000, 0x0000000085c00000| Untracked 
|  63|0x0000000085d00000, 0x0000000085d00000, 0x0000000085e00000|  0%| F|  |TAMS 0x0000000085d00000, 0x0000000085d00000| Untracked 
|  64|0x0000000085e00000, 0x0000000085e00000, 0x0000000085f00000|  0%| F|  |TAMS 0x0000000085e00000, 0x0000000085e00000| Untracked 
|  65|0x0000000085f00000, 0x0000000085f00000, 0x0000000086000000|  0%| F|  |TAMS 0x0000000085f00000, 0x0000000085f00000| Untracked 
|  66|0x0000000086000000, 0x0000000086000000, 0x0000000086100000|  0%| F|  |TAMS 0x0000000086000000, 0x0000000086000000| Untracked 
|  67|0x0000000086100000, 0x0000000086100000, 0x0000000086200000|  0%| F|  |TAMS 0x0000000086100000, 0x0000000086100000| Untracked 
|  68|0x0000000086200000, 0x0000000086200000, 0x0000000086300000|  0%| F|  |TAMS 0x0000000086200000, 0x0000000086200000| Untracked 
|  69|0x0000000086300000, 0x0000000086300000, 0x0000000086400000|  0%| F|  |TAMS 0x0000000086300000, 0x0000000086300000| Untracked 
|  70|0x0000000086400000, 0x0000000086400000, 0x0000000086500000|  0%| F|  |TAMS 0x0000000086400000, 0x0000000086400000| Untracked 
|  71|0x0000000086500000, 0x0000000086500000, 0x0000000086600000|  0%| F|  |TAMS 0x0000000086500000, 0x0000000086500000| Untracked 
|  72|0x0000000086600000, 0x0000000086600000, 0x0000000086700000|  0%| F|  |TAMS 0x0000000086600000, 0x0000000086600000| Untracked 
|  73|0x0000000086700000, 0x0000000086700000, 0x0000000086800000|  0%| F|  |TAMS 0x0000000086700000, 0x0000000086700000| Untracked 
|  74|0x0000000086800000, 0x0000000086800000, 0x0000000086900000|  0%| F|  |TAMS 0x0000000086800000, 0x0000000086800000| Untracked 
|  75|0x0000000086900000, 0x0000000086900000, 0x0000000086a00000|  0%| F|  |TAMS 0x0000000086900000, 0x0000000086900000| Untracked 
|  76|0x0000000086a00000, 0x0000000086a00000, 0x0000000086b00000|  0%| F|  |TAMS 0x0000000086a00000, 0x0000000086a00000| Untracked 
|  77|0x0000000086b00000, 0x0000000086b00000, 0x0000000086c00000|  0%| F|  |TAMS 0x0000000086b00000, 0x0000000086b00000| Untracked 
|  78|0x0000000086c00000, 0x0000000086c00000, 0x0000000086d00000|  0%| F|  |TAMS 0x0000000086c00000, 0x0000000086c00000| Untracked 
|  79|0x0000000086d00000, 0x0000000086d00000, 0x0000000086e00000|  0%| F|  |TAMS 0x0000000086d00000, 0x0000000086d00000| Untracked 
|  80|0x0000000086e00000, 0x0000000086e00000, 0x0000000086f00000|  0%| F|  |TAMS 0x0000000086e00000, 0x0000000086e00000| Untracked 
|  81|0x0000000086f00000, 0x0000000086f00000, 0x0000000087000000|  0%| F|  |TAMS 0x0000000086f00000, 0x0000000086f00000| Untracked 
|  82|0x0000000087000000, 0x0000000087000000, 0x0000000087100000|  0%| F|  |TAMS 0x0000000087000000, 0x0000000087000000| Untracked 
|  83|0x0000000087100000, 0x0000000087100000, 0x0000000087200000|  0%| F|  |TAMS 0x0000000087100000, 0x0000000087100000| Untracked 
|  84|0x0000000087200000, 0x0000000087200000, 0x0000000087300000|  0%| F|  |TAMS 0x0000000087200000, 0x0000000087200000| Untracked 
|  85|0x0000000087300000, 0x0000000087300000, 0x0000000087400000|  0%| F|  |TAMS 0x0000000087300000, 0x0000000087300000| Untracked 
|  86|0x0000000087400000, 0x0000000087400000, 0x0000000087500000|  0%| F|  |TAMS 0x0000000087400000, 0x0000000087400000| Untracked 
|  87|0x0000000087500000, 0x0000000087500000, 0x0000000087600000|  0%| F|  |TAMS 0x0000000087500000, 0x0000000087500000| Untracked 
|  88|0x0000000087600000, 0x0000000087600000, 0x0000000087700000|  0%| F|  |TAMS 0x0000000087600000, 0x0000000087600000| Untracked 
|  89|0x0000000087700000, 0x0000000087700000, 0x0000000087800000|  0%| F|  |TAMS 0x0000000087700000, 0x0000000087700000| Untracked 
|  90|0x0000000087800000, 0x0000000087800000, 0x0000000087900000|  0%| F|  |TAMS 0x0000000087800000, 0x0000000087800000| Untracked 
|  91|0x0000000087900000, 0x0000000087900000, 0x0000000087a00000|  0%| F|  |TAMS 0x0000000087900000, 0x0000000087900000| Untracked 
|  92|0x0000000087a00000, 0x0000000087a00000, 0x0000000087b00000|  0%| F|  |TAMS 0x0000000087a00000, 0x0000000087a00000| Untracked 
|  93|0x0000000087b00000, 0x0000000087b00000, 0x0000000087c00000|  0%| F|  |TAMS 0x0000000087b00000, 0x0000000087b00000| Untracked 
|  94|0x0000000087c00000, 0x0000000087c00000, 0x0000000087d00000|  0%| F|  |TAMS 0x0000000087c00000, 0x0000000087c00000| Untracked 
|  95|0x0000000087d00000, 0x0000000087d00000, 0x0000000087e00000|  0%| F|  |TAMS 0x0000000087d00000, 0x0000000087d00000| Untracked 
|  96|0x0000000087e00000, 0x0000000087e00000, 0x0000000087f00000|  0%| F|  |TAMS 0x0000000087e00000, 0x0000000087e00000| Untracked 
|  97|0x0000000087f00000, 0x0000000087f00000, 0x0000000088000000|  0%| F|  |TAMS 0x0000000087f00000, 0x0000000087f00000| Untracked 
|  98|0x0000000088000000, 0x0000000088000000, 0x0000000088100000|  0%| F|  |TAMS 0x0000000088000000, 0x0000000088000000| Untracked 
|  99|0x0000000088100000, 0x0000000088100000, 0x0000000088200000|  0%| F|  |TAMS 0x0000000088100000, 0x0000000088100000| Untracked 
| 100|0x0000000088200000, 0x0000000088200000, 0x0000000088300000|  0%| F|  |TAMS 0x0000000088200000, 0x0000000088200000| Untracked 
| 101|0x0000000088300000, 0x0000000088300000, 0x0000000088400000|  0%| F|  |TAMS 0x0000000088300000, 0x0000000088300000| Untracked 
| 102|0x0000000088400000, 0x0000000088400000, 0x0000000088500000|  0%| F|  |TAMS 0x0000000088400000, 0x0000000088400000| Untracked 
| 103|0x0000000088500000, 0x0000000088500000, 0x0000000088600000|  0%| F|  |TAMS 0x0000000088500000, 0x0000000088500000| Untracked 
| 104|0x0000000088600000, 0x0000000088600000, 0x0000000088700000|  0%| F|  |TAMS 0x0000000088600000, 0x0000000088600000| Untracked 
| 105|0x0000000088700000, 0x0000000088700000, 0x0000000088800000|  0%| F|  |TAMS 0x0000000088700000, 0x0000000088700000| Untracked 
| 106|0x0000000088800000, 0x0000000088800000, 0x0000000088900000|  0%| F|  |TAMS 0x0000000088800000, 0x0000000088800000| Untracked 
| 107|0x0000000088900000, 0x0000000088900000, 0x0000000088a00000|  0%| F|  |TAMS 0x0000000088900000, 0x0000000088900000| Untracked 
| 108|0x0000000088a00000, 0x0000000088a00000, 0x0000000088b00000|  0%| F|  |TAMS 0x0000000088a00000, 0x0000000088a00000| Untracked 
| 109|0x0000000088b00000, 0x0000000088bf1aa0, 0x0000000088c00000| 94%| S|CS|TAMS 0x0000000088b00000, 0x0000000088b00000| Complete 
| 110|0x0000000088c00000, 0x0000000088d00000, 0x0000000088d00000|100%| S|CS|TAMS 0x0000000088c00000, 0x0000000088c00000| Complete 
| 111|0x0000000088d00000, 0x0000000088d00000, 0x0000000088e00000|  0%| F|  |TAMS 0x0000000088d00000, 0x0000000088d00000| Untracked 
| 112|0x0000000088e00000, 0x0000000088e00000, 0x0000000088f00000|  0%| F|  |TAMS 0x0000000088e00000, 0x0000000088e00000| Untracked 
| 113|0x0000000088f00000, 0x0000000088f00000, 0x0000000089000000|  0%| F|  |TAMS 0x0000000088f00000, 0x0000000088f00000| Untracked 
| 114|0x0000000089000000, 0x0000000089000000, 0x0000000089100000|  0%| F|  |TAMS 0x0000000089000000, 0x0000000089000000| Untracked 
| 115|0x0000000089100000, 0x0000000089100000, 0x0000000089200000|  0%| F|  |TAMS 0x0000000089100000, 0x0000000089100000| Untracked 
| 116|0x0000000089200000, 0x0000000089300000, 0x0000000089300000|100%| E|  |TAMS 0x0000000089200000, 0x0000000089200000| Complete 
| 117|0x0000000089300000, 0x0000000089400000, 0x0000000089400000|100%| E|CS|TAMS 0x0000000089300000, 0x0000000089300000| Complete 
| 118|0x0000000089400000, 0x0000000089500000, 0x0000000089500000|100%| E|CS|TAMS 0x0000000089400000, 0x0000000089400000| Complete 
| 119|0x0000000089500000, 0x0000000089600000, 0x0000000089600000|100%| E|CS|TAMS 0x0000000089500000, 0x0000000089500000| Complete 
| 120|0x0000000089600000, 0x0000000089700000, 0x0000000089700000|100%| E|CS|TAMS 0x0000000089600000, 0x0000000089600000| Complete 
| 121|0x0000000089700000, 0x0000000089800000, 0x0000000089800000|100%| E|CS|TAMS 0x0000000089700000, 0x0000000089700000| Complete 
| 122|0x0000000089800000, 0x0000000089900000, 0x0000000089900000|100%| E|CS|TAMS 0x0000000089800000, 0x0000000089800000| Complete 
| 123|0x0000000089900000, 0x0000000089a00000, 0x0000000089a00000|100%| E|CS|TAMS 0x0000000089900000, 0x0000000089900000| Complete 
| 124|0x0000000089a00000, 0x0000000089b00000, 0x0000000089b00000|100%| E|CS|TAMS 0x0000000089a00000, 0x0000000089a00000| Complete 
| 125|0x0000000089b00000, 0x0000000089c00000, 0x0000000089c00000|100%| E|  |TAMS 0x0000000089b00000, 0x0000000089b00000| Complete 
| 126|0x0000000089c00000, 0x0000000089d00000, 0x0000000089d00000|100%| E|CS|TAMS 0x0000000089c00000, 0x0000000089c00000| Complete 
| 127|0x0000000089d00000, 0x0000000089e00000, 0x0000000089e00000|100%| E|CS|TAMS 0x0000000089d00000, 0x0000000089d00000| Complete 

Card table byte_map: [0x0000014e20ad0000,0x0000014e20ed0000] _byte_map_base: 0x0000014e206c1000

Marking Bits (Prev, Next): (CMBitMap*) 0x0000014e08ede210, (CMBitMap*) 0x0000014e08ede250
 Prev Bits: [0x0000014e212d0000, 0x0000014e23258000)
 Next Bits: [0x0000014e23260000, 0x0000014e251e8000)

Polling page: 0x0000014e06e60000

Metaspace:

Usage:
  Non-class:      8.95 MB used.
      Class:      1.35 MB used.
       Both:     10.30 MB used.

Virtual space:
  Non-class space:       64.00 MB reserved,       9.12 MB ( 14%) committed,  1 nodes.
      Class space:        1.00 GB reserved,       1.44 MB ( <1%) committed,  1 nodes.
             Both:        1.06 GB reserved,      10.56 MB ( <1%) committed. 

Chunk freelists:
   Non-Class:  2.72 MB
       Class:  2.44 MB
        Both:  5.16 MB

MaxMetaspaceSize: unlimited
CompressedClassSpaceSize: 1.00 GB
Initial GC threshold: 21.00 MB
Current GC threshold: 21.00 MB
CDS: on
MetaspaceReclaimPolicy: balanced
 - commit_granule_bytes: 65536.
 - commit_granule_words: 8192.
 - virtual_space_node_default_size: 8388608.
 - enlarge_chunks_in_place: 1.
 - new_chunks_are_fully_committed: 0.
 - uncommit_free_chunks: 1.
 - use_allocation_guard: 0.


Internal statistics:

num_allocs_failed_limit: 0.
num_arena_births: 282.
num_arena_deaths: 0.
num_vsnodes_births: 2.
num_vsnodes_deaths: 0.
num_space_committed: 169.
num_space_uncommitted: 0.
num_chunks_returned_to_freelist: 0.
num_chunks_taken_from_freelist: 568.
num_chunk_merges: 0.
num_chunk_splits: 396.
num_chunks_enlarged: 288.
num_inconsistent_stats: 0.

CodeHeap 'non-profiled nmethods': size=120000Kb used=687Kb max_used=687Kb free=119312Kb
 bounds [0x0000014e19090000, 0x0000014e19300000, 0x0000014e205c0000]
CodeHeap 'profiled nmethods': size=120000Kb used=3044Kb max_used=3044Kb free=116955Kb
 bounds [0x0000014e115c0000, 0x0000014e118c0000, 0x0000014e18af0000]
CodeHeap 'non-nmethods': size=5760Kb used=1397Kb max_used=1421Kb free=4362Kb
 bounds [0x0000014e18af0000, 0x0000014e18d60000, 0x0000014e19090000]
 total_blobs=2173 nmethods=1522 adapters=562
 compilation: enabled
              stopped_count=0, restarted_count=0
 full_count=0

Compilation events (20 events):
Event: 4.135 Thread 0x0000014e277e71e0 nmethod 1511 0x0000014e118b4d90 code [0x0000014e118b4f20, 0x0000014e118b5038]
Event: 4.138 Thread 0x0000014e277e71e0 1512       3       java.nio.CharBuffer::<init> (24 bytes)
Event: 4.138 Thread 0x0000014e277e71e0 nmethod 1512 0x0000014e118b5110 code [0x0000014e118b52c0, 0x0000014e118b5468]
Event: 4.138 Thread 0x0000014e277e71e0 1513       3       java.nio.CharBuffer::limit (6 bytes)
Event: 4.139 Thread 0x0000014e277e71e0 nmethod 1513 0x0000014e118b5590 code [0x0000014e118b5740, 0x0000014e118b58e8]
Event: 4.140 Thread 0x0000014e277e71e0 1515   !   3       java.nio.CharBuffer::wrap (21 bytes)
Event: 4.140 Thread 0x0000014e277e71e0 nmethod 1515 0x0000014e118b5a10 code [0x0000014e118b5be0, 0x0000014e118b5e78]
Event: 4.142 Thread 0x0000014e277e71e0 1516       3       java.lang.StringLatin1::getChars (12 bytes)
Event: 4.142 Thread 0x0000014e277e71e0 nmethod 1516 0x0000014e118b6090 code [0x0000014e118b6240, 0x0000014e118b6368]
Event: 4.143 Thread 0x0000014e2d643890 1517       4       java.lang.StringBuilder::toString (9 bytes)
Event: 4.146 Thread 0x0000014e277e71e0 1519       3       java.util.regex.Pattern::isSupplementary (21 bytes)
Event: 4.146 Thread 0x0000014e277e71e0 nmethod 1519 0x0000014e118b6490 code [0x0000014e118b6640, 0x0000014e118b68b8]
Event: 4.147 Thread 0x0000014e277e71e0 1520       3       sun.invoke.util.Wrapper::isDoubleWord (15 bytes)
Event: 4.147 Thread 0x0000014e277e71e0 nmethod 1520 0x0000014e118b6a10 code [0x0000014e118b6ba0, 0x0000014e118b6d18]
Event: 4.148 Thread 0x0000014e277e71e0 1525       3       java.lang.invoke.LambdaForm::normalize (322 bytes)
Event: 4.149 Thread 0x0000014e2d643890 nmethod 1517 0x0000014e19137d10 code [0x0000014e19137ea0, 0x0000014e19138318]
Event: 4.150 Thread 0x0000014e2d643890 1518       4       java.lang.String::<init> (99 bytes)
Event: 4.150 Thread 0x0000014e277e71e0 nmethod 1525 0x0000014e118b6e10 code [0x0000014e118b70e0, 0x0000014e118b8418]
Event: 4.156 Thread 0x0000014e2d643890 nmethod 1518 0x0000014e19138790 code [0x0000014e19138920, 0x0000014e19138dd8]
Event: 4.162 Thread 0x0000014e277e2c70 nmethod 1490% 0x0000014e19139210 code [0x0000014e191393e0, 0x0000014e1913a838]

GC Heap History (4 events):
Event: 1.959 GC heap before
{Heap before GC invocations=0 (full 0):
 garbage-first heap   total 131072K, used 12288K [0x0000000081e00000, 0x0000000100000000)
  region size 1024K, 13 young (13312K), 0 survivors (0K)
 Metaspace       used 2843K, committed 3008K, reserved 1114112K
  class space    used 280K, committed 384K, reserved 1048576K
}
Event: 2.010 GC heap after
{Heap after GC invocations=1 (full 0):
 garbage-first heap   total 131072K, used 3416K [0x0000000081e00000, 0x0000000100000000)
  region size 1024K, 2 young (2048K), 2 survivors (2048K)
 Metaspace       used 2843K, committed 3008K, reserved 1114112K
  class space    used 280K, committed 384K, reserved 1048576K
}
Event: 3.122 GC heap before
{Heap before GC invocations=1 (full 0):
 garbage-first heap   total 131072K, used 17752K [0x0000000081e00000, 0x0000000100000000)
  region size 1024K, 17 young (17408K), 2 survivors (2048K)
 Metaspace       used 7961K, committed 8192K, reserved 1114112K
  class space    used 957K, committed 1088K, reserved 1048576K
}
Event: 3.128 GC heap after
{Heap after GC invocations=2 (full 0):
 garbage-first heap   total 131072K, used 5489K [0x0000000081e00000, 0x0000000100000000)
  region size 1024K, 2 young (2048K), 2 survivors (2048K)
 Metaspace       used 7961K, committed 8192K, reserved 1114112K
  class space    used 957K, committed 1088K, reserved 1048576K
}

Dll operation events (20 events):
Event: 1.935 Loaded shared library C:\Users\Eva\.openjfx\cache\20-ea+3\amd64\api-ms-win-crt-locale-l1-1-0.dll
Event: 1.949 Loaded shared library C:\Users\Eva\.openjfx\cache\20-ea+3\amd64\api-ms-win-crt-math-l1-1-0.dll
Event: 2.013 Loaded shared library C:\Users\Eva\.openjfx\cache\20-ea+3\amd64\api-ms-win-crt-multibyte-l1-1-0.dll
Event: 2.029 Loaded shared library C:\Users\Eva\.openjfx\cache\20-ea+3\amd64\api-ms-win-crt-private-l1-1-0.dll
Event: 2.041 Loaded shared library C:\Users\Eva\.openjfx\cache\20-ea+3\amd64\api-ms-win-crt-process-l1-1-0.dll
Event: 2.055 Loaded shared library C:\Users\Eva\.openjfx\cache\20-ea+3\amd64\api-ms-win-crt-runtime-l1-1-0.dll
Event: 2.068 Loaded shared library C:\Users\Eva\.openjfx\cache\20-ea+3\amd64\api-ms-win-crt-stdio-l1-1-0.dll
Event: 2.083 Loaded shared library C:\Users\Eva\.openjfx\cache\20-ea+3\amd64\api-ms-win-crt-string-l1-1-0.dll
Event: 2.097 Loaded shared library C:\Users\Eva\.openjfx\cache\20-ea+3\amd64\api-ms-win-crt-time-l1-1-0.dll
Event: 2.112 Loaded shared library C:\Users\Eva\.openjfx\cache\20-ea+3\amd64\api-ms-win-crt-utility-l1-1-0.dll
Event: 2.151 Loaded shared library C:\Users\Eva\.openjfx\cache\20-ea+3\amd64\ucrtbase.dll
Event: 2.170 Loaded shared library C:\Users\Eva\.openjfx\cache\20-ea+3\amd64\vcruntime140.dll
Event: 2.186 Loaded shared library C:\Users\Eva\.openjfx\cache\20-ea+3\amd64\vcruntime140_1.dll
Event: 2.212 Loaded shared library C:\Users\Eva\.openjfx\cache\20-ea+3\amd64\msvcp140.dll
Event: 2.228 Loaded shared library C:\Users\Eva\.openjfx\cache\20-ea+3\amd64\msvcp140_1.dll
Event: 2.246 Loaded shared library C:\Users\Eva\.openjfx\cache\20-ea+3\amd64\msvcp140_2.dll
Event: 2.355 Loaded shared library C:\Users\Eva\.openjfx\cache\20-ea+3\amd64\prism_d3d.dll
Event: 2.492 Loaded shared library C:\Users\Eva\.openjfx\cache\20-ea+3\amd64\glass.dll
Event: 3.188 Loaded shared library C:\Users\Eva\.openjfx\cache\20-ea+3\amd64\javafx_iio.dll
Event: 3.423 Loaded shared library C:\Users\Eva\.openjfx\cache\20-ea+3\amd64\javafx_font.dll

Deoptimization events (20 events):
Event: 3.805 Thread 0x0000014e2d1a9540 Uncommon trap: trap_request=0xffffff45 fr.pc=0x0000014e191221dc relative=0x000000000000017c
Event: 3.805 Thread 0x0000014e2d1a9540 Uncommon trap: reason=unstable_if action=reinterpret pc=0x0000014e191221dc method=java.util.HashMap.getNode(Ljava/lang/Object;)Ljava/util/HashMap$Node; @ 66 c2
Event: 3.805 Thread 0x0000014e2d1a9540 DEOPT PACKING pc=0x0000014e191221dc sp=0x0000002c21afc9c0
Event: 3.805 Thread 0x0000014e2d1a9540 DEOPT UNPACKING pc=0x0000014e18b56da3 sp=0x0000002c21afc940 mode 2
Event: 3.810 Thread 0x0000014e2d1a9540 Uncommon trap: trap_request=0xffffff45 fr.pc=0x0000014e19122ffc relative=0x000000000000019c
Event: 3.810 Thread 0x0000014e2d1a9540 Uncommon trap: reason=unstable_if action=reinterpret pc=0x0000014e19122ffc method=java.util.HashMap.getNode(Ljava/lang/Object;)Ljava/util/HashMap$Node; @ 66 c2
Event: 3.810 Thread 0x0000014e2d1a9540 DEOPT PACKING pc=0x0000014e19122ffc sp=0x0000002c21afca00
Event: 3.810 Thread 0x0000014e2d1a9540 DEOPT UNPACKING pc=0x0000014e18b56da3 sp=0x0000002c21afc920 mode 2
Event: 3.837 Thread 0x0000014e2d1a9540 Uncommon trap: trap_request=0xffffff45 fr.pc=0x0000014e190d77b8 relative=0x0000000000000038
Event: 3.837 Thread 0x0000014e2d1a9540 Uncommon trap: reason=unstable_if action=reinterpret pc=0x0000014e190d77b8 method=jdk.internal.misc.Unsafe.convEndian(ZI)I @ 4 c2
Event: 3.837 Thread 0x0000014e2d1a9540 DEOPT PACKING pc=0x0000014e190d77b8 sp=0x0000002c21afd220
Event: 3.837 Thread 0x0000014e2d1a9540 DEOPT UNPACKING pc=0x0000014e18b56da3 sp=0x0000002c21afd1b8 mode 2
Event: 4.016 Thread 0x0000014e2d1a9540 Uncommon trap: trap_request=0xffffff45 fr.pc=0x0000014e190cd8e4 relative=0x0000000000000244
Event: 4.016 Thread 0x0000014e2d1a9540 Uncommon trap: reason=unstable_if action=reinterpret pc=0x0000014e190cd8e4 method=java.lang.StringUTF16.compress([CI[BII)I @ 20 c2
Event: 4.016 Thread 0x0000014e2d1a9540 DEOPT PACKING pc=0x0000014e190cd8e4 sp=0x0000002c21afd330
Event: 4.016 Thread 0x0000014e2d1a9540 DEOPT UNPACKING pc=0x0000014e18b56da3 sp=0x0000002c21afd2b0 mode 2
Event: 4.149 Thread 0x0000014e08e53b20 Uncommon trap: trap_request=0xffffffde fr.pc=0x0000014e190d0eb0 relative=0x0000000000000650
Event: 4.149 Thread 0x0000014e08e53b20 Uncommon trap: reason=class_check action=maybe_recompile pc=0x0000014e190d0eb0 method=java.util.regex.Pattern$Start.match(Ljava/util/regex/Matcher;ILjava/lang/CharSequence;)Z @ 44 c2
Event: 4.149 Thread 0x0000014e08e53b20 DEOPT PACKING pc=0x0000014e190d0eb0 sp=0x0000002c1fefe950
Event: 4.149 Thread 0x0000014e08e53b20 DEOPT UNPACKING pc=0x0000014e18b56da3 sp=0x0000002c1fefe8b0 mode 2

Classes loaded (20 events):
Event: 3.842 Loading class java/lang/Class$AnnotationData
Event: 3.842 Loading class java/lang/Class$AnnotationData done
Event: 3.942 Loading class sun/nio/cs/UTF_16BE$Decoder
Event: 3.942 Loading class sun/nio/cs/UnicodeDecoder
Event: 3.942 Loading class sun/nio/cs/UnicodeDecoder done
Event: 3.942 Loading class sun/nio/cs/UTF_16BE$Decoder done
Event: 4.062 Loading class java/lang/invoke/MethodHandle$1
Event: 4.062 Loading class java/lang/invoke/MethodHandle$1 done
Event: 4.120 Loading class com/sun/org/apache/xerces/internal/impl/XMLStreamReaderImpl$1
Event: 4.120 Loading class javax/xml/stream/Location
Event: 4.120 Loading class javax/xml/stream/Location done
Event: 4.120 Loading class com/sun/org/apache/xerces/internal/impl/XMLStreamReaderImpl$1 done
Event: 4.135 Loading class java/lang/invoke/WrongMethodTypeException
Event: 4.135 Loading class java/lang/invoke/WrongMethodTypeException done
Event: 4.136 Loading class java/lang/Throwable$WrappedPrintStream
Event: 4.136 Loading class java/lang/Throwable$PrintStreamOrWriter
Event: 4.136 Loading class java/lang/Throwable$PrintStreamOrWriter done
Event: 4.136 Loading class java/lang/Throwable$WrappedPrintStream done
Event: 4.149 Loading class java/util/Formatter$FixedString
Event: 4.149 Loading class java/util/Formatter$FixedString done

Classes unloaded (0 events):
No events

Classes redefined (0 events):
No events

Internal exceptions (20 events):
Event: 2.683 Thread 0x0000014e2d1a9540 Exception <a 'java/lang/NoSuchMethodError'{0x00000000898fd880}: 'void java.lang.invoke.DirectMethodHandle$Holder.invokeStaticInit(java.lang.Object)'> (0x00000000898fd880) 
thrown [s\open\src\hotspot\share\interpreter\linkResolver.cpp, line 774]
Event: 2.691 Thread 0x0000014e08e53b20 Exception <a 'java/lang/NoSuchMethodError'{0x0000000089715880}: 'java.lang.Object java.lang.invoke.DirectMethodHandle$Holder.newInvokeSpecial(java.lang.Object, java.lang.Object, java.lang.Object, java.lang.Object, java.lang.Object, java.lang.Object)'> (0x0000000089715880) 
thrown [s\open\src\hotspot\share\interpreter\linkResolver.cpp, line 774]
Event: 2.734 Thread 0x0000014e08e53b20 Exception <a 'java/lang/NoSuchMethodError'{0x00000000897be210}: 'java.lang.Object java.lang.invoke.DirectMethodHandle$Holder.newInvokeSpecial(java.lang.Object, java.lang.Object, java.lang.Object, java.lang.Object, java.lang.Object)'> (0x00000000897be210) 
thrown [s\open\src\hotspot\share\interpreter\linkResolver.cpp, line 774]
Event: 2.873 Thread 0x0000014e2d1a9540 Exception <a 'sun/nio/fs/WindowsException'{0x00000000893163f0}> (0x00000000893163f0) 
thrown [s\open\src\hotspot\share\prims\jni.cpp, line 517]
Event: 3.078 Thread 0x0000014e2d1a9540 Exception <a 'java/lang/NoSuchMethodError'{0x0000000088ef23e0}: 'java.lang.Object java.lang.invoke.DirectMethodHandle$Holder.invokeStaticInit(java.lang.Object, java.lang.Object, java.lang.Object, java.lang.Object)'> (0x0000000088ef23e0) 
thrown [s\open\src\hotspot\share\interpreter\linkResolver.cpp, line 774]
Event: 3.082 Thread 0x0000014e2d1a9540 Exception <a 'java/lang/NullPointerException'{0x0000000088efe170}> (0x0000000088efe170) 
thrown [s\open\src\hotspot\share\interpreter\linkResolver.cpp, line 1374]
Event: 3.262 Thread 0x0000014e2d1a9540 Exception <a 'java/lang/NoSuchMethodError'{0x0000000089b1f5f0}: 'void java.lang.invoke.DirectMethodHandle$Holder.invokeSpecial(java.lang.Object, java.lang.Object, int)'> (0x0000000089b1f5f0) 
thrown [s\open\src\hotspot\share\interpreter\linkResolver.cpp, line 774]
Event: 3.263 Thread 0x0000014e2d1a9540 Exception <a 'java/lang/NoSuchMethodError'{0x0000000089b244d0}: 'int java.lang.invoke.DirectMethodHandle$Holder.invokeSpecial(java.lang.Object, java.lang.Object, java.lang.Object, int)'> (0x0000000089b244d0) 
thrown [s\open\src\hotspot\share\interpreter\linkResolver.cpp, line 774]
Event: 3.266 Thread 0x0000014e2d1a9540 Exception <a 'java/lang/NoSuchMethodError'{0x0000000089b36740}: 'java.lang.Object java.lang.invoke.DirectMethodHandle$Holder.invokeStatic(java.lang.Object, java.lang.Object, java.lang.Object, java.lang.Object, int)'> (0x0000000089b36740) 
thrown [s\open\src\hotspot\share\interpreter\linkResolver.cpp, line 774]
Event: 3.269 Thread 0x0000014e2d1a9540 Exception <a 'java/lang/NoSuchMethodError'{0x0000000089b42160}: 'void java.lang.invoke.DelegatingMethodHandle$Holder.reinvoke_L(java.lang.Object, java.lang.Object, int)'> (0x0000000089b42160) 
thrown [s\open\src\hotspot\share\interpreter\linkResolver.cpp, line 774]
Event: 3.272 Thread 0x0000014e2d1a9540 Exception <a 'java/lang/NoSuchMethodError'{0x0000000089b493a8}: 'int java.lang.invoke.DirectMethodHandle$Holder.invokeSpecial(java.lang.Object, java.lang.Object, java.lang.Object)'> (0x0000000089b493a8) 
thrown [s\open\src\hotspot\share\interpreter\linkResolver.cpp, line 774]
Event: 3.282 Thread 0x0000014e2d1a9540 Exception <a 'java/lang/NoSuchMethodError'{0x0000000089b80738}: 'void java.lang.invoke.DirectMethodHandle$Holder.invokeSpecial(java.lang.Object, java.lang.Object, double)'> (0x0000000089b80738) 
thrown [s\open\src\hotspot\share\interpreter\linkResolver.cpp, line 774]
Event: 3.285 Thread 0x0000014e2d1a9540 Exception <a 'java/lang/NoSuchMethodError'{0x0000000089b8b7b8}: 'double java.lang.invoke.DelegatingMethodHandle$Holder.reinvoke_L(java.lang.Object, java.lang.Object, int)'> (0x0000000089b8b7b8) 
thrown [s\open\src\hotspot\share\interpreter\linkResolver.cpp, line 774]
Event: 3.286 Thread 0x0000014e2d1a9540 Exception <a 'java/lang/NoSuchMethodError'{0x0000000089b95c88}: 'void java.lang.invoke.DelegatingMethodHandle$Holder.reinvoke_L(java.lang.Object, java.lang.Object, double)'> (0x0000000089b95c88) 
thrown [s\open\src\hotspot\share\interpreter\linkResolver.cpp, line 774]
Event: 3.367 Thread 0x0000014e2d1a9540 Exception <a 'java/lang/ClassNotFoundException'{0x0000000089a99a80}: com/sun/glass/ui/win/themes> (0x0000000089a99a80) 
thrown [s\open\src\hotspot\share\prims\jni.cpp, line 536]
Event: 3.369 Thread 0x0000014e2d1a9540 Exception <a 'java/lang/ClassNotFoundException'{0x0000000089aa5950}: com/sun/glass/ui/win/themes_es> (0x0000000089aa5950) 
thrown [s\open\src\hotspot\share\prims\jni.cpp, line 536]
Event: 3.370 Thread 0x0000014e2d1a9540 Exception <a 'java/lang/ClassNotFoundException'{0x0000000089aada60}: com/sun/glass/ui/win/themes_es_ES> (0x0000000089aada60) 
thrown [s\open\src\hotspot\share\prims\jni.cpp, line 536]
Event: 3.827 Thread 0x0000014e2d1a9540 Exception <a 'java/lang/NoSuchMethodError'{0x000000008957baa0}: 'void java.lang.invoke.DirectMethodHandle$Holder.invokeStaticInit(java.lang.Object, java.lang.Object)'> (0x000000008957baa0) 
thrown [s\open\src\hotspot\share\interpreter\linkResolver.cpp, line 774]
Event: 3.853 Thread 0x0000014e2d1a9540 Exception <a 'java/lang/NoSuchMethodError'{0x000000008941e588}: 'void java.lang.invoke.Invokers$Holder.invokeExact_MT(java.lang.Object, java.lang.Object, java.lang.Object, java.lang.Object)'> (0x000000008941e588) 
thrown [s\open\src\hotspot\share\interpreter\linkResolver.cpp, line 774]
Event: 3.881 Thread 0x0000014e2d1a9540 Exception <a 'sun/nio/fs/WindowsException'{0x000000008948f3b0}> (0x000000008948f3b0) 
thrown [s\open\src\hotspot\share\prims\jni.cpp, line 517]

VM Operations (20 events):
Event: 1.672 Executing VM operation: Cleanup done
Event: 1.959 Executing VM operation: G1CollectForAllocation
Event: 2.010 Executing VM operation: G1CollectForAllocation done
Event: 2.010 Executing VM operation: HandshakeAllThreads
Event: 2.011 Executing VM operation: HandshakeAllThreads done
Event: 2.470 Executing VM operation: HandshakeAllThreads
Event: 2.470 Executing VM operation: HandshakeAllThreads done
Event: 2.953 Executing VM operation: HandshakeAllThreads
Event: 2.953 Executing VM operation: HandshakeAllThreads done
Event: 3.024 Executing VM operation: HandshakeAllThreads
Event: 3.025 Executing VM operation: HandshakeAllThreads done
Event: 3.025 Executing VM operation: Cleanup
Event: 3.025 Executing VM operation: Cleanup done
Event: 3.122 Executing VM operation: G1CollectForAllocation
Event: 3.129 Executing VM operation: G1CollectForAllocation done
Event: 3.446 Executing VM operation: HandshakeAllThreads
Event: 3.446 Executing VM operation: HandshakeAllThreads done
Event: 4.446 Executing VM operation: Cleanup
Event: 4.446 Executing VM operation: Cleanup done
Event: 6.277 Executing VM operation: Exit

Events (20 events):
Event: 0.235 Thread 0x0000014e2bcc9070 Thread added: 0x0000014e2bcc9070
Event: 0.466 Thread 0x0000014e2bd6c560 Thread added: 0x0000014e2bd6c560
Event: 0.631 Thread 0x0000014e2c4ba300 Thread added: 0x0000014e2c4ba300
Event: 1.274 Thread 0x0000014e2c7d64b0 Thread added: 0x0000014e2c7d64b0
Event: 1.274 Thread 0x0000014e2c432410 Thread added: 0x0000014e2c432410
Event: 1.276 Thread 0x0000014e2c40dd90 Thread added: 0x0000014e2c40dd90
Event: 1.294 Thread 0x0000014e2bd6c560 Thread exited: 0x0000014e2bd6c560
Event: 1.698 Thread 0x0000014e2c7a3210 Thread added: 0x0000014e2c7a3210
Event: 2.011 Thread 0x0000014e2c7a3210 Thread exited: 0x0000014e2c7a3210
Event: 2.334 Thread 0x0000014e2ccebef0 Thread added: 0x0000014e2ccebef0
Event: 2.513 Thread 0x0000014e2d1c1de0 Thread added: 0x0000014e2d1c1de0
Event: 2.521 Thread 0x0000014e2d1a9540 Thread added: 0x0000014e2d1a9540
Event: 2.709 Thread 0x0000014e2d3d32d0 Thread added: 0x0000014e2d3d32d0
Event: 2.735 Thread 0x0000014e2d3d62a0 Thread added: 0x0000014e2d3d62a0
Event: 3.323 Thread 0x0000014e2d643890 Thread added: 0x0000014e2d643890
Event: 4.135 Thread 0x0000014e2d3d62a0 Thread exited: 0x0000014e2d3d62a0
Event: 4.136 Thread 0x0000014e2d1a9540 Thread exited: 0x0000014e2d1a9540
Event: 4.151 Thread 0x0000014e2c7d64b0 Thread exited: 0x0000014e2c7d64b0
Event: 4.156 Thread 0x0000014e2c432410 Thread exited: 0x0000014e2c432410
Event: 4.158 Thread 0x0000014e2ccebef0 Thread exited: 0x0000014e2ccebef0


Dynamic libraries:
0x00007ff662a20000 - 0x00007ff662a2e000 	C:\Users\Eva\.jdks\openjdk-19.0.1\bin\java.exe
0x00007ffdb0330000 - 0x00007ffdb0527000 	C:\Windows\SYSTEM32\ntdll.dll
0x00007ffdae3b0000 - 0x00007ffdae46d000 	C:\Windows\System32\KERNEL32.DLL
0x00007ffdadca0000 - 0x00007ffdadf6d000 	C:\Windows\System32\KERNELBASE.dll
0x00007ffdadf70000 - 0x00007ffdae070000 	C:\Windows\System32\ucrtbase.dll
0x00007ffda7de0000 - 0x00007ffda7df7000 	C:\Users\Eva\.jdks\openjdk-19.0.1\bin\jli.dll
0x00007ffdaf2e0000 - 0x00007ffdaf480000 	C:\Windows\System32\USER32.dll
0x00007ffdada50000 - 0x00007ffdada72000 	C:\Windows\System32\win32u.dll
0x00007ffdaf2a0000 - 0x00007ffdaf2ca000 	C:\Windows\System32\GDI32.dll
0x00007ffdada80000 - 0x00007ffdadb8b000 	C:\Windows\System32\gdi32full.dll
0x00007ffdae2f0000 - 0x00007ffdae38d000 	C:\Windows\System32\msvcp_win.dll
0x00007ffd866b0000 - 0x00007ffd8694a000 	C:\Windows\WinSxS\amd64_microsoft.windows.common-controls_6595b64144ccf1df_6.0.19041.1110_none_60b5254171f9507e\COMCTL32.dll
0x00007ffdaebb0000 - 0x00007ffdaec4e000 	C:\Windows\System32\msvcrt.dll
0x00007ffda4a50000 - 0x00007ffda4a6b000 	C:\Users\Eva\.jdks\openjdk-19.0.1\bin\VCRUNTIME140.dll
0x00007ffdae470000 - 0x00007ffdae4a0000 	C:\Windows\System32\IMM32.DLL
0x00007ffda5610000 - 0x00007ffda561c000 	C:\Users\Eva\.jdks\openjdk-19.0.1\bin\vcruntime140_1.dll
0x00007ffd7f590000 - 0x00007ffd7f61e000 	C:\Users\Eva\.jdks\openjdk-19.0.1\bin\msvcp140.dll
0x00007ffd358b0000 - 0x00007ffd36570000 	C:\Users\Eva\.jdks\openjdk-19.0.1\bin\server\jvm.dll
0x00007ffdafc50000 - 0x00007ffdafcfe000 	C:\Windows\System32\ADVAPI32.dll
0x00007ffdafd00000 - 0x00007ffdafd9c000 	C:\Windows\System32\sechost.dll
0x00007ffdaf0c0000 - 0x00007ffdaf1e5000 	C:\Windows\System32\RPCRT4.dll
0x00007ffd966b0000 - 0x00007ffd966b9000 	C:\Windows\SYSTEM32\WSOCK32.dll
0x00007ffdb0220000 - 0x00007ffdb028b000 	C:\Windows\System32\WS2_32.dll
0x00007ffd85e00000 - 0x00007ffd85e27000 	C:\Windows\SYSTEM32\WINMM.dll
0x00007ffda5740000 - 0x00007ffda574a000 	C:\Windows\SYSTEM32\VERSION.dll
0x00007ffdab950000 - 0x00007ffdab962000 	C:\Windows\SYSTEM32\kernel.appcore.dll
0x00007ffda4cb0000 - 0x00007ffda4cba000 	C:\Users\Eva\.jdks\openjdk-19.0.1\bin\jimage.dll
0x00007ffda53d0000 - 0x00007ffda55b4000 	C:\Windows\SYSTEM32\DBGHELP.DLL
0x00007ffda53a0000 - 0x00007ffda53cc000 	C:\Windows\SYSTEM32\dbgcore.DLL
0x00007ffdadbc0000 - 0x00007ffdadc42000 	C:\Windows\System32\bcryptPrimitives.dll
0x00007ffda4b40000 - 0x00007ffda4b4e000 	C:\Users\Eva\.jdks\openjdk-19.0.1\bin\instrument.dll
0x00007ffd9f0b0000 - 0x00007ffd9f0d6000 	C:\Users\Eva\.jdks\openjdk-19.0.1\bin\java.dll
0x00007ffd6f700000 - 0x00007ffd6f78f000 	C:\Users\Eva\AppData\Local\Temp\libasyncProfiler.dll
0x00007ffdb00f0000 - 0x00007ffdb021a000 	C:\Windows\System32\ole32.dll
0x00007ffdae570000 - 0x00007ffdae8c4000 	C:\Windows\System32\combase.dll
0x00007ffdae4a0000 - 0x00007ffdae56d000 	C:\Windows\System32\OLEAUT32.dll
0x00007ffdb0290000 - 0x00007ffdb02e5000 	C:\Windows\System32\SHLWAPI.dll
0x00007ffd699e0000 - 0x00007ffd69ab7000 	C:\Users\Eva\.jdks\openjdk-19.0.1\bin\jsvml.dll
0x00007ffdaf480000 - 0x00007ffdafbc4000 	C:\Windows\System32\SHELL32.dll
0x00007ffdabb50000 - 0x00007ffdac2e4000 	C:\Windows\SYSTEM32\windows.storage.dll
0x00007ffdad4b0000 - 0x00007ffdad4dc000 	C:\Windows\SYSTEM32\Wldp.dll
0x00007ffdaff50000 - 0x00007ffdafffd000 	C:\Windows\System32\SHCORE.dll
0x00007ffdad990000 - 0x00007ffdad9af000 	C:\Windows\SYSTEM32\profapi.dll
0x00007ffda2580000 - 0x00007ffda2593000 	C:\Users\Eva\.jdks\openjdk-19.0.1\bin\net.dll
0x00007ffda4370000 - 0x00007ffda447a000 	C:\Windows\SYSTEM32\WINHTTP.dll
0x00007ffdad210000 - 0x00007ffdad27a000 	C:\Windows\system32\mswsock.dll
0x00007ffda22f0000 - 0x00007ffda2306000 	C:\Users\Eva\.jdks\openjdk-19.0.1\bin\nio.dll
0x00007ffd8d760000 - 0x00007ffd8d778000 	C:\Users\Eva\.jdks\openjdk-19.0.1\bin\zip.dll
0x00007ffd8ca10000 - 0x00007ffd8ca2a000 	C:\Program Files\JetBrains\IntelliJ IDEA 2021.3.1\bin\breakgen64.dll
0x00007ffd61090000 - 0x00007ffd61203000 	C:\Users\Eva\AppData\Local\Temp\idea_msdia140_dll_temp_folder\msdia140.dll
0x0000014e08e00000 - 0x0000014e08e03000 	C:\Users\Eva\.openjfx\cache\20-ea+3\amd64\api-ms-win-core-console-l1-1-0.dll
0x0000014e08e10000 - 0x0000014e08e13000 	C:\Users\Eva\.openjfx\cache\20-ea+3\amd64\api-ms-win-core-console-l1-2-0.dll
0x0000014e08e20000 - 0x0000014e08e23000 	C:\Users\Eva\.openjfx\cache\20-ea+3\amd64\api-ms-win-core-datetime-l1-1-0.dll
0x0000014e27a70000 - 0x0000014e27a73000 	C:\Users\Eva\.openjfx\cache\20-ea+3\amd64\api-ms-win-core-debug-l1-1-0.dll
0x0000014e27a80000 - 0x0000014e27a83000 	C:\Users\Eva\.openjfx\cache\20-ea+3\amd64\api-ms-win-core-errorhandling-l1-1-0.dll
0x0000014e27a90000 - 0x0000014e27a94000 	C:\Users\Eva\.openjfx\cache\20-ea+3\amd64\api-ms-win-core-file-l1-1-0.dll
0x0000014e27aa0000 - 0x0000014e27aa3000 	C:\Users\Eva\.openjfx\cache\20-ea+3\amd64\api-ms-win-core-file-l1-2-0.dll
0x0000014e27ad0000 - 0x0000014e27ad3000 	C:\Users\Eva\.openjfx\cache\20-ea+3\amd64\api-ms-win-core-file-l2-1-0.dll
0x0000014e27ab0000 - 0x0000014e27ab3000 	C:\Users\Eva\.openjfx\cache\20-ea+3\amd64\api-ms-win-core-handle-l1-1-0.dll
0x0000014e27ac0000 - 0x0000014e27ac3000 	C:\Users\Eva\.openjfx\cache\20-ea+3\amd64\api-ms-win-core-heap-l1-1-0.dll
0x0000014e27ae0000 - 0x0000014e27ae3000 	C:\Users\Eva\.openjfx\cache\20-ea+3\amd64\api-ms-win-core-interlocked-l1-1-0.dll
0x0000014e27b10000 - 0x0000014e27b13000 	C:\Users\Eva\.openjfx\cache\20-ea+3\amd64\api-ms-win-core-libraryloader-l1-1-0.dll
0x0000014e27b20000 - 0x0000014e27b23000 	C:\Users\Eva\.openjfx\cache\20-ea+3\amd64\api-ms-win-core-localization-l1-2-0.dll
0x0000014e27b30000 - 0x0000014e27b33000 	C:\Users\Eva\.openjfx\cache\20-ea+3\amd64\api-ms-win-core-memory-l1-1-0.dll
0x0000014e27b40000 - 0x0000014e27b43000 	C:\Users\Eva\.openjfx\cache\20-ea+3\amd64\api-ms-win-core-namedpipe-l1-1-0.dll
0x0000014e27b50000 - 0x0000014e27b53000 	C:\Users\Eva\.openjfx\cache\20-ea+3\amd64\api-ms-win-core-processenvironment-l1-1-0.dll
0x0000014e27af0000 - 0x0000014e27af3000 	C:\Users\Eva\.openjfx\cache\20-ea+3\amd64\api-ms-win-core-processthreads-l1-1-0.dll
0x0000014e27b00000 - 0x0000014e27b03000 	C:\Users\Eva\.openjfx\cache\20-ea+3\amd64\api-ms-win-core-processthreads-l1-1-1.dll
0x0000014e27b60000 - 0x0000014e27b63000 	C:\Users\Eva\.openjfx\cache\20-ea+3\amd64\api-ms-win-core-profile-l1-1-0.dll
0x0000014e27b70000 - 0x0000014e27b73000 	C:\Users\Eva\.openjfx\cache\20-ea+3\amd64\api-ms-win-core-rtlsupport-l1-1-0.dll
0x0000014e27b80000 - 0x0000014e27b83000 	C:\Users\Eva\.openjfx\cache\20-ea+3\amd64\api-ms-win-core-string-l1-1-0.dll
0x0000014e27b90000 - 0x0000014e27b93000 	C:\Users\Eva\.openjfx\cache\20-ea+3\amd64\api-ms-win-core-synch-l1-1-0.dll
0x0000014e27ba0000 - 0x0000014e27ba3000 	C:\Users\Eva\.openjfx\cache\20-ea+3\amd64\api-ms-win-core-synch-l1-2-0.dll
0x0000014e27bb0000 - 0x0000014e27bb3000 	C:\Users\Eva\.openjfx\cache\20-ea+3\amd64\api-ms-win-core-sysinfo-l1-1-0.dll
0x0000014e27bc0000 - 0x0000014e27bc3000 	C:\Users\Eva\.openjfx\cache\20-ea+3\amd64\api-ms-win-core-timezone-l1-1-0.dll
0x0000014e27bd0000 - 0x0000014e27bd3000 	C:\Users\Eva\.openjfx\cache\20-ea+3\amd64\api-ms-win-core-util-l1-1-0.dll
0x0000014e27be0000 - 0x0000014e27be3000 	C:\Users\Eva\.openjfx\cache\20-ea+3\amd64\api-ms-win-crt-conio-l1-1-0.dll
0x0000014e27bf0000 - 0x0000014e27bf4000 	C:\Users\Eva\.openjfx\cache\20-ea+3\amd64\api-ms-win-crt-convert-l1-1-0.dll
0x0000014e2d7d0000 - 0x0000014e2d7d3000 	C:\Users\Eva\.openjfx\cache\20-ea+3\amd64\api-ms-win-crt-environment-l1-1-0.dll
0x0000014e2d7e0000 - 0x0000014e2d7e3000 	C:\Users\Eva\.openjfx\cache\20-ea+3\amd64\api-ms-win-crt-filesystem-l1-1-0.dll
0x0000014e2d7f0000 - 0x0000014e2d7f3000 	C:\Users\Eva\.openjfx\cache\20-ea+3\amd64\api-ms-win-crt-heap-l1-1-0.dll
0x0000014e2d800000 - 0x0000014e2d803000 	C:\Users\Eva\.openjfx\cache\20-ea+3\amd64\api-ms-win-crt-locale-l1-1-0.dll
0x0000014e2d810000 - 0x0000014e2d815000 	C:\Users\Eva\.openjfx\cache\20-ea+3\amd64\api-ms-win-crt-math-l1-1-0.dll
0x0000014e2d820000 - 0x0000014e2d825000 	C:\Users\Eva\.openjfx\cache\20-ea+3\amd64\api-ms-win-crt-multibyte-l1-1-0.dll
0x0000014e2d830000 - 0x0000014e2d840000 	C:\Users\Eva\.openjfx\cache\20-ea+3\amd64\api-ms-win-crt-private-l1-1-0.dll
0x0000014e2d840000 - 0x0000014e2d843000 	C:\Users\Eva\.openjfx\cache\20-ea+3\amd64\api-ms-win-crt-process-l1-1-0.dll
0x0000014e2d850000 - 0x0000014e2d854000 	C:\Users\Eva\.openjfx\cache\20-ea+3\amd64\api-ms-win-crt-runtime-l1-1-0.dll
0x0000014e2d860000 - 0x0000014e2d864000 	C:\Users\Eva\.openjfx\cache\20-ea+3\amd64\api-ms-win-crt-stdio-l1-1-0.dll
0x0000014e2d870000 - 0x0000014e2d874000 	C:\Users\Eva\.openjfx\cache\20-ea+3\amd64\api-ms-win-crt-string-l1-1-0.dll
0x0000014e2d880000 - 0x0000014e2d883000 	C:\Users\Eva\.openjfx\cache\20-ea+3\amd64\api-ms-win-crt-time-l1-1-0.dll
0x0000014e2d890000 - 0x0000014e2d893000 	C:\Users\Eva\.openjfx\cache\20-ea+3\amd64\api-ms-win-crt-utility-l1-1-0.dll
0x00007ffd60380000 - 0x00007ffd6047c000 	C:\Users\Eva\.openjfx\cache\20-ea+3\amd64\ucrtbase.dll
0x00007ffd863a0000 - 0x00007ffd863bb000 	C:\Users\Eva\.openjfx\cache\20-ea+3\amd64\vcruntime140.dll
0x00007ffd861b0000 - 0x00007ffd861bc000 	C:\Users\Eva\.openjfx\cache\20-ea+3\amd64\vcruntime140_1.dll
0x00007ffd69950000 - 0x00007ffd699de000 	C:\Users\Eva\.openjfx\cache\20-ea+3\amd64\msvcp140.dll
0x00007ffd861a0000 - 0x00007ffd861a9000 	C:\Users\Eva\.openjfx\cache\20-ea+3\amd64\msvcp140_1.dll
0x00007ffd86170000 - 0x00007ffd861a0000 	C:\Users\Eva\.openjfx\cache\20-ea+3\amd64\msvcp140_2.dll
0x00007ffd860f0000 - 0x00007ffd8611c000 	C:\Users\Eva\.openjfx\cache\20-ea+3\amd64\prism_d3d.dll
0x00007ffd77350000 - 0x00007ffd7751f000 	C:\Windows\system32\d3d9.dll
0x00007ffdab840000 - 0x00007ffdab86f000 	C:\Windows\SYSTEM32\dwmapi.dll
0x00007ffdab490000 - 0x00007ffdab52e000 	C:\Windows\system32\uxtheme.dll
0x00007ffdadb90000 - 0x00007ffdadbb7000 	C:\Windows\System32\bcrypt.dll
0x00007ffdadc50000 - 0x00007ffdadc9e000 	C:\Windows\System32\cfgmgr32.dll
0x00007ffd85550000 - 0x00007ffd85592000 	C:\Users\Eva\.openjfx\cache\20-ea+3\amd64\glass.dll
0x00007ffdb0000000 - 0x00007ffdb00db000 	C:\Windows\System32\COMDLG32.dll
0x00007ffdaea00000 - 0x00007ffdaeb15000 	C:\Windows\System32\MSCTF.dll
0x00007ffdad400000 - 0x00007ffdad418000 	C:\Windows\SYSTEM32\CRYPTSP.dll
0x00007ffdacb20000 - 0x00007ffdacb54000 	C:\Windows\system32\rsaenh.dll
0x00007ffdad420000 - 0x00007ffdad42c000 	C:\Windows\SYSTEM32\CRYPTBASE.dll
0x00007ffd8e260000 - 0x00007ffd8e29b000 	C:\Windows\SYSTEM32\dxcore.dll
0x00007ffd860c0000 - 0x00007ffd860ed000 	C:\Users\Eva\.openjfx\cache\20-ea+3\amd64\javafx_iio.dll
0x00007ffd84fb0000 - 0x00007ffd84fc4000 	C:\Users\Eva\.openjfx\cache\20-ea+3\amd64\javafx_font.dll
0x00007ffd9c710000 - 0x00007ffd9c98f000 	C:\Windows\SYSTEM32\dwrite.dll

dbghelp: loaded successfully - version: 4.0.5 - missing functions: none
symbol engine: initialized successfully - sym options: 0x614 - pdb path: .;C:\Users\Eva\.jdks\openjdk-19.0.1\bin;C:\Windows\SYSTEM32;C:\Windows\WinSxS\amd64_microsoft.windows.common-controls_6595b64144ccf1df_6.0.19041.1110_none_60b5254171f9507e;C:\Users\Eva\.jdks\openjdk-19.0.1\bin\server;C:\Users\Eva\AppData\Local\Temp;C:\Program Files\JetBrains\IntelliJ IDEA 2021.3.1\bin;C:\Users\Eva\AppData\Local\Temp\idea_msdia140_dll_temp_folder;C:\Users\Eva\.openjfx\cache\20-ea+3\amd64;C:\Windows\System32\DriverStore\FileRepository\iigd_dch.inf_amd64_51f685305808e3a5

VM Arguments:
jvm_args: -DDOMUIDBGPORT=5051 -javaagent:C:\Program Files\JetBrains\IntelliJ IDEA 2021.3.1\lib\idea_rt.jar=63811:C:\Program Files\JetBrains\IntelliJ IDEA 2021.3.1\bin -agentpath:C:\Users\Eva\AppData\Local\Temp\libasyncProfiler.dll=start,jfr,libdia=C:\Users\Eva\AppData\Local\Temp\idea_msdia140_dll_temp_folder\msdia140.dll,interval=1ms,file=C:\Users\Eva\CuentaBater_2022_10_26_094747.jfr -Dfile.encoding=UTF-8 --module-path=C:\Users\Eva\.m2\repository\org\openjfx\javafx-base\20-ea+3\javafx-base-20-ea+3-win.jar;C:\Users\Eva\.m2\repository\org\openjfx\javafx-controls\20-ea+3\javafx-controls-20-ea+3-win.jar;C:\Users\Eva\.m2\repository\org\openjfx\javafx-fxml\20-ea+3\javafx-fxml-20-ea+3-win.jar;C:\Users\Eva\.m2\repository\org\openjfx\javafx-graphics\20-ea+3\javafx-graphics-20-ea+3-win.jar;C:\Users\Eva\Desktop\DDi_Practica1\main (2)\VISOR\main\target\classes -Djdk.module.main=com.main.controller 
java_command: com.main.controller/com.main.controller.CuentaBater
java_class_path (initial): C:\Users\Eva\.m2\repository\org\openjfx\javafx-controls\20-ea+3\javafx-controls-20-ea+3.jar;C:\Users\Eva\.m2\repository\org\openjfx\javafx-graphics\20-ea+3\javafx-graphics-20-ea+3.jar;C:\Users\Eva\.m2\repository\org\openjfx\javafx-base\20-ea+3\javafx-base-20-ea+3.jar;C:\Users\Eva\.m2\repository\org\openjfx\javafx-fxml\20-ea+3\javafx-fxml-20-ea+3.jar
Launcher Type: SUN_STANDARD

[Global flags]
     intx CICompilerCount                          = 3                                         {product} {ergonomic}
     uint ConcGCThreads                            = 1                                         {product} {ergonomic}
     uint G1ConcRefinementThreads                  = 4                                         {product} {ergonomic}
   size_t G1HeapRegionSize                         = 1048576                                   {product} {ergonomic}
    uintx GCDrainStackTargetSize                   = 64                                        {product} {ergonomic}
   size_t InitialHeapSize                          = 134217728                                 {product} {ergonomic}
   size_t MarkStackSize                            = 4194304                                   {product} {ergonomic}
   size_t MaxHeapSize                              = 2116026368                                {product} {ergonomic}
   size_t MaxNewSize                               = 1268776960                                {product} {ergonomic}
   size_t MinHeapDeltaBytes                        = 1048576                                   {product} {ergonomic}
   size_t MinHeapSize                              = 8388608                                   {product} {ergonomic}
    uintx NonNMethodCodeHeapSize                   = 5832780                                {pd product} {ergonomic}
    uintx NonProfiledCodeHeapSize                  = 122912730                              {pd product} {ergonomic}
    uintx ProfiledCodeHeapSize                     = 122912730                              {pd product} {ergonomic}
    uintx ReservedCodeCacheSize                    = 251658240                              {pd product} {ergonomic}
     bool SegmentedCodeCache                       = true                                      {product} {ergonomic}
   size_t SoftMaxHeapSize                          = 2116026368                             {manageable} {ergonomic}
     bool UseCompressedClassPointers               = true                           {product lp64_product} {ergonomic}
     bool UseCompressedOops                        = true                           {product lp64_product} {ergonomic}
     bool UseG1GC                                  = true                                      {product} {ergonomic}
     bool UseLargePagesIndividualAllocation        = false                                  {pd product} {ergonomic}

Logging:
Log output configuration:
 #0: stdout all=off uptime,level,tags foldmultilines=false (reconfigured)
 #1: stderr all=off uptime,level,tags foldmultilines=false

Environment Variables:
JAVA_HOME=C:\Users\Eva\.jdks\jdk-18.0.2.1
CLASSPATH=C:\Users\Eva
PATH=C:\Program Files (x86)\Common Files\Oracle\Java\javapath;C:\Users\Eva\.jdks\jdk-18.0.2.1\bin;C:\Users\Eva\.jdks\openjdk-17.0.1\bin;C:\Users\Eva\.jdks\jdk1.8.0_351\bin;C:\Program Files (x86)\Windows Kits\10\Windows Performance Toolkit\;C:\Program Files (x86)\Windows Kits\10\Microsoft Application Virtualization\Sequencer\;C:\Windows;C:\Windows\System32;C:\Program Files\Git\cmd;C:\Windows\System32\WindowsPowerShell\v1.0;C:\Windows\System32\OpenSSH\;C:\Users\Eva\.jdks\jdk-18.0.2.1\bin;C:\Program Files\Maven\apache-maven-3.8.6\bin;C:\Users\Eva\AppData\Local\Programs\Microsoft VS Code\bin;C:\Program Files\JetBrains\IntelliJ IDEA 2021.3.1\bin;;
USERNAME=Eva
OS=Windows_NT
PROCESSOR_IDENTIFIER=Intel64 Family 6 Model 78 Stepping 3, GenuineIntel
TMP=C:\Users\Eva\AppData\Local\Temp
TEMP=C:\Users\Eva\AppData\Local\Temp



---------------  S Y S T E M  ---------------

OS:
 Windows 10 , 64 bit Build 19041 (10.0.19041.1741)
OS uptime: 0 days 8:43 hours

CPU: total 4 (initial active 4) (2 cores per cpu, 2 threads per core) family 6 model 78 stepping 3 microcode 0xcc, cx8, cmov, fxsr, ht, mmx, 3dnowpref, sse, sse2, sse3, ssse3, sse4.1, sse4.2, popcnt, lzcnt, tsc, tscinvbit, avx, avx2, aes, erms, clmul, bmi1, bmi2, rtm, adx, fma, vzeroupper, clflush, clflushopt, rdtscp

Memory: 4k page, system-wide physical 8065M (1312M free)
TotalPageFile size 22065M (AvailPageFile size 11470M)
current process WorkingSet (physical memory assigned to process): 114M, peak: 126M
current process commit charge ("private bytes"): 258M, peak: 271M

vm_info: OpenJDK 64-Bit Server VM (19.0.1+10-21) for windows-amd64 JRE (19.0.1+10-21), built on 2022-09-14T12:45:06Z by "mach5one" with MS VC++ 17.1 (VS2022)

END.
